<!DOCTYPE html PUBLIC "-//W3C//DTD XHTML 1.1//EN" "https://www.w3.org/TR/xhtml11/DTD/xhtml11.dtd">
<html xmlns="https://www.w3.org/1999/xhtml">
<head>
<meta http-equiv="content-type" content="text/html; charset=UTF-8"/>
<title>TestNG Report</title>
<style type="text/css">table {margin-bottom:10px;border-collapse:collapse;empty-cells:show}th,td {border:1px solid #009;padding:.25em .5em}th {vertical-align:bottom}td {vertical-align:top}table a {font-weight:bold}.stripe td {background-color: #E6EBF9}.num {text-align:right}.passedodd td {background-color: #3F3}.passedeven td {background-color: #0A0}.skippedodd td {background-color: #DDD}.skippedeven td {background-color: #CCC}.failedodd td,.attn {background-color: #F33}.failedeven td,.stripe .attn {background-color: #D00}.stacktrace {white-space:pre;font-family:monospace}.totop {font-size:85%;text-align:center;border-bottom:2px solid #000}.invisible {display:none}</style>
</head>
<body>
<table>
<tr><th>Test</th><th># Passed</th><th># Skipped</th><th># Retried</th><th># Failed</th><th>Time (ms)</th><th>Included Groups</th><th>Excluded Groups</th></tr>
<tr><th colspan="8">Allwyn Assignment Test Automation</th></tr>
<tr><td><a href="#t0">Books FakeRestAPI Tests</a></td><td class="num">18</td><td class="num">0</td><td class="num">0</td><td class="num attn">3</td><td class="num">17.373</td><td></td><td></td></tr>
<tr class="stripe"><td><a href="#t1">Authors FakeRestAPI Tests</a></td><td class="num">12</td><td class="num">0</td><td class="num">0</td><td class="num">0</td><td class="num">8.808</td><td></td><td></td></tr>
<tr><th>Total</th><th class="num">30</th><th class="num">0</th><th class="num">0</th><th class="num attn">3</th><th class="num">26.181</th><th colspan="2"></th></tr>
</table>
<table id='summary'><thead><tr><th>Class</th><th>Method</th><th>Start</th><th>Time (ms)</th></tr></thead><tbody><tr><th colspan="4">Allwyn Assignment Test Automation</th></tr></tbody><tbody id="t0"><tr><th colspan="4">Books FakeRestAPI Tests &#8212; failed</th></tr><tr class="failedeven"><td rowspan="3">org.allwynassignment.tests.BooksTests</td><td><a href="#m0">testGetBookById_InvalidId_Fail</a></td><td rowspan="3">1763250598696</td><td rowspan="3">796</td></tr><tr class="failedeven"><td><a href="#m1">testGetBookById_InvalidId_Fail</a></td></tr><tr class="failedeven"><td><a href="#m2">testGetBookById_InvalidId_Fail</a></td></tr><tr><th colspan="4">Books FakeRestAPI Tests &#8212; passed</th></tr><tr class="passedeven"><td rowspan="18">org.allwynassignment.tests.BooksTests</td><td><a href="#m3">testCreateAuthor_ValidData_Success</a></td><td rowspan="1">1763250592273</td><td rowspan="1">268</td></tr><tr class="passedeven"><td><a href="#m4">testCreateBook_InvalidData</a></td><td rowspan="1">1763250596841</td><td rowspan="1">1079</td></tr><tr class="passedeven"><td><a href="#m5">testCreateBook_LargePageCount</a></td><td rowspan="1">1763250598464</td><td rowspan="1">230</td></tr><tr class="passedeven"><td><a href="#m6">testCreateBook_NoFields_Success</a></td><td rowspan="1">1763250596261</td><td rowspan="1">577</td></tr><tr class="passedeven"><td><a href="#m7">testCreateBook_OnlyID_Success</a></td><td rowspan="1">1763250595514</td><td rowspan="1">745</td></tr><tr class="passedeven"><td><a href="#m8">testDeleteBook_NegativeId_Success</a></td><td rowspan="1">1763250598198</td><td rowspan="1">263</td></tr><tr class="passedeven"><td><a href="#m9">testDeleteBook_ValidId_Success</a></td><td rowspan="1">1763250592926</td><td rowspan="1">238</td></tr><tr class="passedeven"><td><a href="#m10">testGetAllBooks_Success</a></td><td rowspan="1">1763250586235</td><td rowspan="1">1758</td></tr><tr class="passedeven"><td><a href="#m11">testGetBookById_NegativeId</a></td><td rowspan="1">1763250595064</td><td rowspan="1">447</td></tr><tr class="passedeven"><td><a href="#m12">testGetBookById_NonExistentId_ReturnsNotFound</a></td><td rowspan="1">1763250593170</td><td rowspan="1">1474</td></tr><tr class="passedeven"><td><a href="#m13">testGetBookById_ValidId_Success</a></td><td rowspan="5">1763250589821</td><td rowspan="5">554</td></tr><tr class="passedeven"><td><a href="#m14">testGetBookById_ValidId_Success</a></td></tr><tr class="passedeven"><td><a href="#m15">testGetBookById_ValidId_Success</a></td></tr><tr class="passedeven"><td><a href="#m16">testGetBookById_ValidId_Success</a></td></tr><tr class="passedeven"><td><a href="#m17">testGetBookById_ValidId_Success</a></td></tr><tr class="passedeven"><td><a href="#m18">testGetBookById_ZeroId</a></td><td rowspan="1">1763250594647</td><td rowspan="1">414</td></tr><tr class="passedeven"><td><a href="#m19">testUpdateBook_NegativeId_Success</a></td><td rowspan="1">1763250597923</td><td rowspan="1">270</td></tr><tr class="passedeven"><td><a href="#m20">testUpdateBook_ValidData_Success</a></td><td rowspan="1">1763250592543</td><td rowspan="1">378</td></tr></tbody>
<tbody id="t1"><tr><th colspan="4">Authors FakeRestAPI Tests &#8212; passed</th></tr><tr class="passedeven"><td rowspan="12">org.allwynassignment.tests.AuthorsTests</td><td><a href="#m21">testCreateAuthor_EmptyBody</a></td><td rowspan="1">1763250607419</td><td rowspan="1">3569</td></tr><tr class="passedeven"><td><a href="#m22">testCreateAuthor_MinimalData_Success</a></td><td rowspan="1">1763250606524</td><td rowspan="1">892</td></tr><tr class="passedeven"><td><a href="#m23">testCreateAuthor_ValidData_Success</a></td><td rowspan="1">1763250604576</td><td rowspan="1">238</td></tr><tr class="passedeven"><td><a href="#m24">testDeleteAuthor_ValidId_Success</a></td><td rowspan="1">1763250605057</td><td rowspan="1">712</td></tr><tr class="passedeven"><td><a href="#m25">testDeleteAuthor_negativeID_Success</a></td><td rowspan="1">1763250611703</td><td rowspan="1">417</td></tr><tr class="passedeven"><td><a href="#m26">testGetAllAuthors_Success</a></td><td rowspan="1">1763250603316</td><td rowspan="1">1003</td></tr><tr class="passedeven"><td><a href="#m27">testGetAuthorById_NegativeId</a></td><td rowspan="1">1763250606284</td><td rowspan="1">238</td></tr><tr class="passedeven"><td><a href="#m28">testGetAuthorById_NonExistentId_ReturnsNotFound</a></td><td rowspan="1">1763250605772</td><td rowspan="1">225</td></tr><tr class="passedeven"><td><a href="#m29">testGetAuthorById_ValidId_Success</a></td><td rowspan="1">1763250604322</td><td rowspan="1">252</td></tr><tr class="passedeven"><td><a href="#m30">testGetAuthorById_ZeroId</a></td><td rowspan="1">1763250605999</td><td rowspan="1">282</td></tr><tr class="passedeven"><td><a href="#m31">testUpdateAuthor_ValidData_Success</a></td><td rowspan="1">1763250604817</td><td rowspan="1">238</td></tr><tr class="passedeven"><td><a href="#m32">testUpdateAuthor_negativeID_Success</a></td><td rowspan="1">1763250610990</td><td rowspan="1">709</td></tr></tbody>
</table>
<h2>Books FakeRestAPI Tests</h2><h3 id="m0">org.allwynassignment.tests.BooksTests#testGetBookById_InvalidId_Fail</h3><table class="result"><tr class="param"><th>Parameter #1</th></tr><tr class="param stripe"><td>-1</td></tr><tr><th>Exception</th></tr><tr><td><div class="stacktrace">java.lang.AssertionError: [Verify response status code is {}] 
expected: 404
 but was: 200
	at org.allwynassignment.APITestAutomation.operations.validations.ValidationsAbstract.verifyStatusCode(ValidationsAbstract.java:16)
	at org.allwynassignment.tests.BooksTests.testGetBookById_InvalidId_Fail(BooksTests.java:263)
	at java.base/java.util.concurrent.Executors$RunnableAdapter.call(Executors.java:539)
	at java.base/java.util.concurrent.FutureTask.run(FutureTask.java:264)
	at java.base/java.util.concurrent.ThreadPoolExecutor.runWorker(ThreadPoolExecutor.java:1136)
	at java.base/java.util.concurrent.ThreadPoolExecutor$Worker.run(ThreadPoolExecutor.java:635)
	at java.base/java.lang.Thread.run(Thread.java:840)
... Removed 13 stack frames</div></td></tr></table><p class="totop"><a href="#summary">back to summary</a></p>
<h3 id="m1">org.allwynassignment.tests.BooksTests#testGetBookById_InvalidId_Fail</h3><table class="result"><tr class="param"><th>Parameter #1</th></tr><tr class="param stripe"><td>999999999</td></tr><tr><th>Exception</th></tr><tr><td><div class="stacktrace">java.lang.AssertionError: [Verify response status code is {}] 
expected: 404
 but was: 200
	at org.allwynassignment.APITestAutomation.operations.validations.ValidationsAbstract.verifyStatusCode(ValidationsAbstract.java:16)
	at org.allwynassignment.tests.BooksTests.testGetBookById_InvalidId_Fail(BooksTests.java:263)
	at java.base/java.util.concurrent.Executors$RunnableAdapter.call(Executors.java:539)
	at java.base/java.util.concurrent.FutureTask.run(FutureTask.java:264)
	at java.base/java.util.concurrent.ThreadPoolExecutor.runWorker(ThreadPoolExecutor.java:1136)
	at java.base/java.util.concurrent.ThreadPoolExecutor$Worker.run(ThreadPoolExecutor.java:635)
	at java.base/java.lang.Thread.run(Thread.java:840)
... Removed 13 stack frames</div></td></tr></table><p class="totop"><a href="#summary">back to summary</a></p>
<h3 id="m2">org.allwynassignment.tests.BooksTests#testGetBookById_InvalidId_Fail</h3><table class="result"><tr class="param"><th>Parameter #1</th></tr><tr class="param stripe"><td>0</td></tr><tr><th>Exception</th></tr><tr><td><div class="stacktrace">java.lang.AssertionError: [Verify response status code is {}] 
expected: 404
 but was: 200
	at org.allwynassignment.APITestAutomation.operations.validations.ValidationsAbstract.verifyStatusCode(ValidationsAbstract.java:16)
	at org.allwynassignment.tests.BooksTests.testGetBookById_InvalidId_Fail(BooksTests.java:263)
	at java.base/java.util.concurrent.Executors$RunnableAdapter.call(Executors.java:539)
	at java.base/java.util.concurrent.FutureTask.run(FutureTask.java:264)
	at java.base/java.util.concurrent.ThreadPoolExecutor.runWorker(ThreadPoolExecutor.java:1136)
	at java.base/java.util.concurrent.ThreadPoolExecutor$Worker.run(ThreadPoolExecutor.java:635)
	at java.base/java.lang.Thread.run(Thread.java:840)
... Removed 13 stack frames</div></td></tr></table><p class="totop"><a href="#summary">back to summary</a></p>
<h3 id="m3">org.allwynassignment.tests.BooksTests#testCreateAuthor_ValidData_Success</h3><table class="result"><tr><th class="invisible"/></tr></table><p class="totop"><a href="#summary">back to summary</a></p>
<h3 id="m4">org.allwynassignment.tests.BooksTests#testCreateBook_InvalidData</h3><table class="result"><tr><th class="invisible"/></tr></table><p class="totop"><a href="#summary">back to summary</a></p>
<h3 id="m5">org.allwynassignment.tests.BooksTests#testCreateBook_LargePageCount</h3><table class="result"><tr><th class="invisible"/></tr></table><p class="totop"><a href="#summary">back to summary</a></p>
<h3 id="m6">org.allwynassignment.tests.BooksTests#testCreateBook_NoFields_Success</h3><table class="result"><tr><th class="invisible"/></tr></table><p class="totop"><a href="#summary">back to summary</a></p>
<h3 id="m7">org.allwynassignment.tests.BooksTests#testCreateBook_OnlyID_Success</h3><table class="result"><tr><th class="invisible"/></tr></table><p class="totop"><a href="#summary">back to summary</a></p>
<h3 id="m8">org.allwynassignment.tests.BooksTests#testDeleteBook_NegativeId_Success</h3><table class="result"><tr><th class="invisible"/></tr></table><p class="totop"><a href="#summary">back to summary</a></p>
<h3 id="m9">org.allwynassignment.tests.BooksTests#testDeleteBook_ValidId_Success</h3><table class="result"><tr><th class="invisible"/></tr></table><p class="totop"><a href="#summary">back to summary</a></p>
<h3 id="m10">org.allwynassignment.tests.BooksTests#testGetAllBooks_Success</h3><table class="result"><tr><th class="invisible"/></tr></table><p class="totop"><a href="#summary">back to summary</a></p>
<h3 id="m11">org.allwynassignment.tests.BooksTests#testGetBookById_NegativeId</h3><table class="result"><tr><th class="invisible"/></tr></table><p class="totop"><a href="#summary">back to summary</a></p>
<h3 id="m12">org.allwynassignment.tests.BooksTests#testGetBookById_NonExistentId_ReturnsNotFound</h3><table class="result"><tr><th class="invisible"/></tr></table><p class="totop"><a href="#summary">back to summary</a></p>
<h3 id="m13">org.allwynassignment.tests.BooksTests#testGetBookById_ValidId_Success</h3><table class="result"><tr class="param"><th>Parameter #1</th></tr><tr class="param stripe"><td>2</td></tr></table><p class="totop"><a href="#summary">back to summary</a></p>
<h3 id="m14">org.allwynassignment.tests.BooksTests#testGetBookById_ValidId_Success</h3><table class="result"><tr><th class="invisible"/></tr></table><p class="totop"><a href="#summary">back to summary</a></p>
<h3 id="m15">org.allwynassignment.tests.BooksTests#testGetBookById_ValidId_Success</h3><table class="result"><tr class="param"><th>Parameter #1</th></tr><tr class="param stripe"><td>1</td></tr></table><p class="totop"><a href="#summary">back to summary</a></p>
<h3 id="m16">org.allwynassignment.tests.BooksTests#testGetBookById_ValidId_Success</h3><table class="result"><tr class="param"><th>Parameter #1</th></tr><tr class="param stripe"><td>10</td></tr></table><p class="totop"><a href="#summary">back to summary</a></p>
<h3 id="m17">org.allwynassignment.tests.BooksTests#testGetBookById_ValidId_Success</h3><table class="result"><tr class="param"><th>Parameter #1</th></tr><tr class="param stripe"><td>5</td></tr></table><p class="totop"><a href="#summary">back to summary</a></p>
<h3 id="m18">org.allwynassignment.tests.BooksTests#testGetBookById_ZeroId</h3><table class="result"><tr><th class="invisible"/></tr></table><p class="totop"><a href="#summary">back to summary</a></p>
<h3 id="m19">org.allwynassignment.tests.BooksTests#testUpdateBook_NegativeId_Success</h3><table class="result"><tr><th class="invisible"/></tr></table><p class="totop"><a href="#summary">back to summary</a></p>
<h3 id="m20">org.allwynassignment.tests.BooksTests#testUpdateBook_ValidData_Success</h3><table class="result"><tr><th class="invisible"/></tr></table><p class="totop"><a href="#summary">back to summary</a></p>
<h2>Authors FakeRestAPI Tests</h2><h3 id="m21">org.allwynassignment.tests.AuthorsTests#testCreateAuthor_EmptyBody</h3><table class="result"><tr><th class="invisible"/></tr></table><p class="totop"><a href="#summary">back to summary</a></p>
<h3 id="m22">org.allwynassignment.tests.AuthorsTests#testCreateAuthor_MinimalData_Success</h3><table class="result"><tr><th class="invisible"/></tr></table><p class="totop"><a href="#summary">back to summary</a></p>
<h3 id="m23">org.allwynassignment.tests.AuthorsTests#testCreateAuthor_ValidData_Success</h3><table class="result"><tr><th class="invisible"/></tr></table><p class="totop"><a href="#summary">back to summary</a></p>
<h3 id="m24">org.allwynassignment.tests.AuthorsTests#testDeleteAuthor_ValidId_Success</h3><table class="result"><tr><th class="invisible"/></tr></table><p class="totop"><a href="#summary">back to summary</a></p>
<h3 id="m25">org.allwynassignment.tests.AuthorsTests#testDeleteAuthor_negativeID_Success</h3><table class="result"><tr><th class="invisible"/></tr></table><p class="totop"><a href="#summary">back to summary</a></p>
<h3 id="m26">org.allwynassignment.tests.AuthorsTests#testGetAllAuthors_Success</h3><table class="result"><tr><th class="invisible"/></tr></table><p class="totop"><a href="#summary">back to summary</a></p>
<h3 id="m27">org.allwynassignment.tests.AuthorsTests#testGetAuthorById_NegativeId</h3><table class="result"><tr><th class="invisible"/></tr></table><p class="totop"><a href="#summary">back to summary</a></p>
<h3 id="m28">org.allwynassignment.tests.AuthorsTests#testGetAuthorById_NonExistentId_ReturnsNotFound</h3><table class="result"><tr><th class="invisible"/></tr></table><p class="totop"><a href="#summary">back to summary</a></p>
<h3 id="m29">org.allwynassignment.tests.AuthorsTests#testGetAuthorById_ValidId_Success</h3><table class="result"><tr><th class="invisible"/></tr></table><p class="totop"><a href="#summary">back to summary</a></p>
<h3 id="m30">org.allwynassignment.tests.AuthorsTests#testGetAuthorById_ZeroId</h3><table class="result"><tr><th class="invisible"/></tr></table><p class="totop"><a href="#summary">back to summary</a></p>
<h3 id="m31">org.allwynassignment.tests.AuthorsTests#testUpdateAuthor_ValidData_Success</h3><table class="result"><tr><th class="invisible"/></tr></table><p class="totop"><a href="#summary">back to summary</a></p>
<h3 id="m32">org.allwynassignment.tests.AuthorsTests#testUpdateAuthor_negativeID_Success</h3><table class="result"><tr><th class="invisible"/></tr></table><p class="totop"><a href="#summary">back to summary</a></p>
</body>
</html>
